Start testing: Oct 11 09:29 CEST
----------------------------------------------------------
1/1 Testing: test-bicolor-tree
1/1 Test: test-bicolor-tree
Command: "/home/nchamoua/Documents/L3/Comparing_tree_structures/debug/tree/test-bicolor-tree"
Directory: /home/nchamoua/Documents/L3/Comparing_tree_structures/debug/tree
"test-bicolor-tree" start time: Oct 11 09:29 CEST
Output:
----------------------------------------------------------
After inserting 10 :
Value : 10, color : black
After inserting 5 :
Value : 10, color : black
After inserting 20 :
Value : 10, color : black
After inserting 15 :
Value : 10, color : black
After inserting 25 :
Value : 10, color : black
After inserting 2 :
Value : 10, color : black
After inserting 7 :
Value : 10, color : black
Tree after deletions :
Deleting value 20 :
Value : 10, color : black
Deleting value 5 :
Value : 10, color : black
Deleting value 10 :
Value : 15, color : black

Int tests successfuly passed

Test Strings
After inserting apple :
Value : apple, color : black
----------------
After inserting banana :
Value : apple, color : black
----------------
After inserting orange :
Value : banana, color : black
----------------
After inserting kiwi :
Value : banana, color : black
----------------
After inserting strawberry :
Value : banana, color : black
----------------
Deleting value banana :
Value : orange, color : black
----------------
Deleting value kiwi :
Value : orange, color : black
----------------

Char tests successfuly passed

Test Hashmap

After inserting cat :
Word : cat -> domestic animal, color : black

After inserting dog :
Word : cat -> domestic animal, color : black

After inserting fish :
Word : dog -> man's best friend, color : black

After inserting mouse :
Word : dog -> man's best friend, color : black

Suppression de dog :
Word : fish -> live in the water, color : black

Hashmap tests successfuly passed
<end of output>
Test time =   0.02 sec
----------------------------------------------------------
Test Passed.
"test-bicolor-tree" end time: Oct 11 09:29 CEST
"test-bicolor-tree" time elapsed: 00:00:00
----------------------------------------------------------

End testing: Oct 11 09:29 CEST
